TN:
SF:packages\nbn-react-components\src\components\SimpleMap\SimpleMap.tsx
FN:7,SimpleMap
FN:14,(anonymous_1)
FNF:2
FNH:2
FNDA:13,SimpleMap
FNDA:13,(anonymous_1)
DA:1,1
DA:2,1
DA:7,1
DA:9,13
DA:14,13
DA:15,13
DA:16,13
DA:20,13
LF:8
LH:8
BRDA:11,0,0,13
BRDA:11,0,1,13
BRDA:12,1,0,13
BRDA:12,1,1,13
BRF:4
BRH:4
end_of_record
TN:
SF:packages\nbn-react-components\src\components\SimpleMap\const.ts
FNF:0
FNH:0
DA:4,1
DA:30,1
DA:32,1
DA:49,1
LF:4
LH:4
BRF:0
BRH:0
end_of_record
TN:
SF:packages\nbn-react-components\src\components\SimpleMap\manager.ts
FN:22,(anonymous_6)
FN:37,(anonymous_7)
FN:56,(anonymous_8)
FN:75,(anonymous_9)
FN:87,(anonymous_10)
FN:97,(anonymous_11)
FNF:6
FNH:5
FNDA:13,(anonymous_6)
FNDA:13,(anonymous_7)
FNDA:13,(anonymous_8)
FNDA:13,(anonymous_9)
FNDA:13,(anonymous_10)
FNDA:0,(anonymous_11)
DA:3,1
DA:5,1
DA:6,1
DA:7,1
DA:12,1
DA:14,13
DA:15,13
DA:16,13
DA:17,13
DA:18,13
DA:24,13
DA:25,13
DA:26,13
DA:27,13
DA:28,13
DA:29,13
DA:39,13
DA:40,13
DA:44,13
DA:47,13
DA:50,13
DA:59,13
DA:60,13
DA:62,13
DA:64,13
DA:65,0
DA:67,13
DA:71,13
DA:76,13
DA:77,13
DA:78,15
DA:81,13
DA:82,13
DA:88,13
DA:89,13
DA:91,13
DA:92,6
DA:99,0
DA:100,0
DA:102,0
DA:103,0
DA:104,0
DA:105,0
LF:43
LH:36
BRDA:60,0,0,13
BRDA:64,1,0,0
BRDA:91,2,0,6
BRDA:97,3,0,0
BRDA:99,4,0,0
BRDA:99,5,0,0
BRDA:99,5,1,0
BRF:7
BRH:2
end_of_record
TN:
SF:packages\nbn-react-components\src\components\SimpleMap\params.ts
FN:76,(anonymous_7)
FN:148,(anonymous_8)
FN:170,(anonymous_9)
FN:191,(anonymous_10)
FN:201,(anonymous_11)
FN:220,(anonymous_12)
FN:242,(anonymous_13)
FN:262,(anonymous_14)
FN:289,(anonymous_15)
FN:297,(anonymous_16)
FN:310,(anonymous_17)
FN:317,(anonymous_18)
FN:333,(anonymous_19)
FNF:13
FNH:13
FNDA:13,(anonymous_7)
FNDA:65,(anonymous_8)
FNDA:39,(anonymous_9)
FNDA:3,(anonymous_10)
FNDA:8,(anonymous_11)
FNDA:8,(anonymous_12)
FNDA:15,(anonymous_13)
FNDA:13,(anonymous_14)
FNDA:15,(anonymous_15)
FNDA:16,(anonymous_16)
FNDA:52,(anonymous_17)
FNDA:39,(anonymous_18)
FNDA:6,(anonymous_19)
DA:3,1
DA:4,1
DA:5,1
DA:7,1
DA:44,1
DA:46,13
DA:47,13
DA:50,13
DA:52,13
DA:53,13
DA:54,13
DA:55,13
DA:56,13
DA:57,13
DA:58,13
DA:59,13
DA:60,13
DA:61,13
DA:62,13
DA:63,13
DA:64,13
DA:65,13
DA:66,13
DA:68,13
DA:69,13
DA:70,13
DA:71,13
DA:77,13
DA:78,13
DA:79,13
DA:81,13
DA:83,13
DA:84,4
DA:85,4
DA:86,4
DA:87,4
DA:88,4
DA:89,3
DA:92,9
DA:93,9
DA:96,13
DA:97,4
DA:98,4
DA:99,4
DA:100,4
DA:101,4
DA:102,3
DA:105,9
DA:106,9
DA:109,13
DA:110,0
DA:114,13
DA:115,13
DA:116,13
DA:117,13
DA:118,13
DA:120,13
DA:121,13
DA:122,13
DA:123,13
DA:124,13
DA:126,13
DA:127,13
DA:128,13
DA:129,13
DA:130,13
DA:133,13
DA:134,13
DA:135,13
DA:136,13
DA:151,65
DA:152,2
DA:155,65
DA:156,65
DA:173,39
DA:175,39
DA:176,3
DA:177,3
DA:178,3
DA:179,3
DA:182,39
DA:192,3
DA:193,3
DA:203,8
DA:205,8
DA:206,8
DA:207,6
DA:210,2
DA:212,8
DA:222,8
DA:224,8
DA:225,8
DA:226,8
DA:228,8
DA:231,2
DA:233,8
DA:244,15
DA:245,15
DA:246,15
DA:247,15
DA:248,15
DA:258,15
DA:264,13
DA:266,13
DA:269,13
DA:270,1
DA:271,1
DA:274,1
DA:275,1
DA:278,1
DA:279,1
DA:283,12
DA:285,13
DA:291,15
DA:293,15
DA:298,16
DA:299,16
DA:300,16
DA:301,16
DA:302,4
DA:306,16
DA:311,52
DA:312,4
DA:318,39
DA:319,39
DA:320,39
DA:321,39
DA:322,0
DA:326,0
DA:327,0
DA:329,39
DA:335,6
DA:336,6
DA:337,6
DA:338,6
DA:339,0
DA:343,0
DA:344,0
DA:346,6
LF:139
LH:132
BRDA:83,0,0,4
BRDA:83,0,1,9
BRDA:88,1,0,3
BRDA:88,2,0,4
BRDA:88,2,1,3
BRDA:96,3,0,4
BRDA:96,3,1,9
BRDA:101,4,0,3
BRDA:101,5,0,4
BRDA:101,5,1,3
BRDA:109,6,0,0
BRDA:109,7,0,13
BRDA:109,7,1,4
BRDA:151,8,0,2
BRDA:155,9,0,65
BRDA:155,9,1,13
BRDA:175,10,0,3
BRDA:178,11,0,3
BRDA:178,12,0,3
BRDA:178,12,1,3
BRDA:242,13,0,0
BRDA:242,14,0,12
BRDA:266,15,0,13
BRDA:266,15,1,12
BRDA:266,15,2,12
BRDA:269,16,0,1
BRDA:269,16,1,12
BRDA:270,17,0,1
BRDA:274,18,0,1
BRDA:278,19,0,1
BRDA:299,20,0,16
BRDA:301,21,0,4
BRDA:311,22,0,4
BRDA:318,23,0,39
BRDA:318,23,1,39
BRDA:321,24,0,0
BRDA:335,25,0,6
BRDA:335,25,1,0
BRDA:338,26,0,0
BRDA:338,27,0,6
BRDA:338,27,1,6
BRF:41
BRH:36
end_of_record
TN:
SF:packages\nbn-react-components\src\components\SimpleMap\queries.ts
FN:9,getGeojsonLayer
FN:22,getWktFile
FN:35,getWmsLayer
FN:60,getWmsQueryUrl
FNF:4
FNH:0
FNDA:0,getGeojsonLayer
FNDA:0,getWktFile
FNDA:0,getWmsLayer
FNDA:0,getWmsQueryUrl
DA:3,1
DA:5,1
DA:9,1
DA:11,0
DA:12,0
DA:13,0
DA:14,0
DA:16,0
DA:17,0
DA:22,1
DA:24,0
DA:25,0
DA:26,0
DA:27,0
DA:29,0
DA:30,0
DA:35,1
DA:40,0
DA:41,0
DA:42,0
DA:43,0
DA:44,0
DA:54,0
DA:62,0
DA:66,0
DA:67,0
DA:69,0
LF:27
LH:5
BRDA:36,0,0,0
BRDA:37,1,0,0
BRDA:38,2,0,0
BRDA:40,3,0,0
BRDA:40,3,1,0
BRDA:66,4,0,0
BRF:6
BRH:0
end_of_record
TN:
SF:packages\nbn-react-components\src\components\SimpleMap\utils.ts
FN:8,exchangeArrayValues
FN:20,selectBaseLayer
FN:27,(anonymous_2)
FN:40,selectOverlayLayer
FN:47,(anonymous_4)
FNF:5
FNH:2
FNDA:0,exchangeArrayValues
FNDA:0,selectBaseLayer
FNDA:0,(anonymous_2)
FNDA:13,selectOverlayLayer
FNDA:15,(anonymous_4)
DA:8,1
DA:9,0
DA:10,0
DA:11,0
DA:12,0
DA:13,0
DA:15,0
DA:20,1
DA:22,0
DA:24,0
DA:27,0
DA:28,0
DA:29,0
DA:31,0
DA:33,0
DA:40,1
DA:42,13
DA:44,13
DA:47,13
DA:48,15
DA:49,13
DA:51,13
DA:53,2
LF:23
LH:10
BRDA:28,0,0,0
BRDA:28,0,1,0
BRDA:48,1,0,13
BRDA:48,1,1,2
BRF:4
BRH:2
end_of_record
