TN:
SF:packages\nbn-react-components\src\components\Button\Button.tsx
FN:29,(anonymous_0)
FNF:1
FNH:1
FNDA:2,(anonymous_0)
DA:1,1
DA:29,1
DA:36,2
DA:37,2
DA:49,1
LF:5
LH:5
BRDA:30,0,0,2
BRDA:31,1,0,2
BRDA:36,2,0,0
BRDA:36,2,1,2
BRF:4
BRH:3
end_of_record
TN:
SF:packages\nbn-react-components\src\components\DataResource\SimpleDataResourceList.tsx
FN:11,(anonymous_0)
FN:30,(anonymous_1)
FNF:2
FNH:2
FNDA:3,(anonymous_0)
FNDA:1,(anonymous_1)
DA:1,1
DA:2,1
DA:11,1
DA:14,3
DA:15,3
DA:16,0
DA:20,3
DA:22,3
DA:24,2
DA:27,1
DA:31,1
DA:45,1
LF:12
LH:11
BRDA:11,0,0,3
BRDA:15,1,0,0
BRDA:22,2,0,1
BRDA:24,3,0,1
BRF:4
BRH:3
end_of_record
TN:
SF:packages\nbn-react-components\src\components\Map\Map.tsx
FN:14,Map
FN:22,(anonymous_1)
FNF:2
FNH:2
FNDA:1,Map
FNDA:1,(anonymous_1)
DA:1,1
DA:2,1
DA:12,1
DA:14,1
DA:16,1
DA:22,1
DA:23,1
DA:24,1
DA:29,1
LF:9
LH:9
BRF:0
BRH:0
end_of_record
TN:
SF:packages\nbn-react-components\src\components\Map\const.ts
FNF:0
FNH:0
DA:4,1
DA:30,1
DA:32,1
DA:49,1
LF:4
LH:4
BRF:0
BRH:0
end_of_record
TN:
SF:packages\nbn-react-components\src\components\Map\manager.ts
FN:19,(anonymous_6)
FN:33,(anonymous_7)
FN:52,(anonymous_8)
FN:71,(anonymous_9)
FNF:4
FNH:4
FNDA:1,(anonymous_6)
FNDA:1,(anonymous_7)
FNDA:1,(anonymous_8)
FNDA:1,(anonymous_9)
DA:3,1
DA:4,1
DA:5,1
DA:6,1
DA:10,1
DA:12,1
DA:13,1
DA:14,1
DA:15,1
DA:21,1
DA:22,1
DA:23,1
DA:24,1
DA:25,1
DA:35,1
DA:36,1
DA:40,1
DA:43,1
DA:46,1
DA:55,1
DA:56,1
DA:58,1
DA:60,1
DA:61,0
DA:63,1
DA:67,1
DA:73,1
DA:74,0
DA:76,1
DA:77,1
DA:78,1
DA:79,1
LF:32
LH:30
BRDA:56,0,0,1
BRDA:60,1,0,0
BRDA:71,2,0,1
BRDA:73,3,0,0
BRDA:73,4,0,1
BRDA:73,4,1,1
BRF:6
BRH:4
end_of_record
TN:
SF:packages\nbn-react-components\src\components\Map\queries.ts
FN:8,getGeojsonLayer
FN:21,getWktFile
FN:34,getWmsLayer
FN:59,getWmsQueryUrl
FNF:4
FNH:2
FNDA:0,getGeojsonLayer
FNDA:0,getWktFile
FNDA:1,getWmsLayer
FNDA:1,getWmsQueryUrl
DA:3,1
DA:4,1
DA:8,1
DA:10,0
DA:11,0
DA:12,0
DA:13,0
DA:15,0
DA:16,0
DA:21,1
DA:23,0
DA:24,0
DA:25,0
DA:26,0
DA:28,0
DA:29,0
DA:34,1
DA:39,1
DA:40,1
DA:41,1
DA:42,1
DA:43,1
DA:53,1
DA:61,1
DA:65,1
DA:66,0
DA:68,1
LF:27
LH:14
BRDA:35,0,0,0
BRDA:36,1,0,1
BRDA:37,2,0,1
BRDA:39,3,0,1
BRDA:39,3,1,1
BRDA:65,4,0,0
BRF:6
BRH:4
end_of_record
TN:
SF:packages\nbn-react-components\src\components\Map\utils.ts
FN:8,exchangeArrayValues
FN:20,selectBaseLayer
FN:27,(anonymous_2)
FN:40,selectOverlayLayer
FN:47,(anonymous_4)
FNF:5
FNH:2
FNDA:0,exchangeArrayValues
FNDA:0,selectBaseLayer
FNDA:0,(anonymous_2)
FNDA:1,selectOverlayLayer
FNDA:1,(anonymous_4)
DA:8,1
DA:9,0
DA:10,0
DA:11,0
DA:12,0
DA:13,0
DA:15,0
DA:20,1
DA:22,0
DA:24,0
DA:27,0
DA:28,0
DA:29,0
DA:31,0
DA:33,0
DA:40,1
DA:42,1
DA:44,1
DA:47,1
DA:48,1
DA:49,1
DA:51,1
DA:53,0
LF:23
LH:9
BRDA:28,0,0,0
BRDA:28,0,1,0
BRDA:48,1,0,1
BRDA:48,1,1,0
BRF:4
BRH:1
end_of_record
TN:
SF:packages\nbn-react-components\src\components\MapDataResourceList\MapDataResourceList.tsx
FN:21,MapDataResourceList
FN:41,(anonymous_1)
FN:49,(anonymous_2)
FNF:3
FNH:3
FNDA:2,MapDataResourceList
FNDA:2,(anonymous_1)
FNDA:2,(anonymous_2)
DA:2,1
DA:3,1
DA:21,1
DA:23,2
DA:24,2
DA:26,2
DA:28,2
DA:29,1
DA:32,1
DA:34,1
DA:36,1
DA:38,1
DA:39,1
DA:40,1
DA:41,1
DA:42,2
DA:45,1
DA:50,2
LF:18
LH:18
BRDA:28,0,0,1
BRDA:32,1,0,0
BRDA:34,2,0,0
BRDA:42,3,0,0
BRDA:42,3,1,2
BRDA:43,4,0,2
BRDA:43,4,1,2
BRF:7
BRH:4
end_of_record
TN:
SF:packages\nbn-react-components\src\components\MapDataResourceList\sanitise.ts
FN:10,sanitiseParam
FN:32,sanitiseParamList
FN:58,sanitiseUrl
FNF:3
FNH:2
FNDA:3,sanitiseParam
FNDA:2,sanitiseParamList
FNDA:0,sanitiseUrl
DA:10,1
DA:12,3
DA:13,3
DA:14,2
DA:15,2
DA:16,0
DA:20,3
DA:32,1
DA:34,2
DA:35,2
DA:36,1
DA:38,1
DA:39,1
DA:40,1
DA:41,1
DA:44,1
DA:45,0
DA:49,2
DA:58,1
DA:60,0
DA:61,0
DA:62,0
DA:63,0
DA:64,0
DA:67,0
DA:68,0
DA:71,0
LF:27
LH:17
BRDA:10,0,0,2
BRDA:13,1,0,2
BRDA:15,2,0,0
BRDA:20,3,0,1
BRDA:20,3,1,2
BRDA:32,4,0,0
BRDA:35,5,0,1
BRDA:39,6,0,1
BRDA:44,7,0,0
BRDA:49,8,0,1
BRDA:49,8,1,1
BRDA:61,9,0,0
BRF:12
BRH:8
end_of_record
TN:
SF:packages\nbn-react-components\src\components\MapLink\MapLink.tsx
FN:17,MapLink
FNF:1
FNH:1
FNDA:2,MapLink
DA:2,1
DA:17,1
DA:19,2
DA:21,2
DA:22,1
DA:25,1
DA:26,1
DA:28,1
LF:8
LH:8
BRDA:21,0,0,1
BRF:1
BRH:1
end_of_record
TN:
SF:packages\nbn-react-components\src\components\MapLink\sanitise.ts
FN:10,sanitiseParam
FN:32,sanitiseParamList
FN:58,sanitiseUrl
FNF:3
FNH:2
FNDA:2,sanitiseParam
FNDA:2,sanitiseParamList
FNDA:0,sanitiseUrl
DA:10,1
DA:12,2
DA:13,2
DA:14,1
DA:15,1
DA:16,0
DA:20,2
DA:32,1
DA:34,2
DA:35,2
DA:36,1
DA:38,1
DA:39,1
DA:40,1
DA:41,1
DA:44,1
DA:45,0
DA:49,2
DA:58,1
DA:60,0
DA:61,0
DA:62,0
DA:63,0
DA:64,0
DA:67,0
DA:68,0
DA:71,0
LF:27
LH:17
BRDA:10,0,0,1
BRDA:13,1,0,1
BRDA:15,2,0,0
BRDA:20,3,0,1
BRDA:20,3,1,1
BRDA:32,4,0,0
BRDA:35,5,0,1
BRDA:39,6,0,1
BRDA:44,7,0,0
BRDA:49,8,0,1
BRDA:49,8,1,1
BRDA:61,9,0,0
BRF:12
BRH:8
end_of_record
TN:
SF:packages\nbn-react-components\src\components\MapTitle\MapTitle.tsx
FN:6,MapTitle
FN:10,(anonymous_1)
FN:11,(anonymous_2)
FN:13,(anonymous_3)
FNF:4
FNH:4
FNDA:3,MapTitle
FNDA:2,(anonymous_1)
FNDA:2,(anonymous_2)
FNDA:2,(anonymous_3)
DA:1,2
DA:2,2
DA:6,2
DA:8,3
DA:10,2
DA:11,2
DA:12,2
DA:13,2
DA:16,2
DA:17,2
DA:18,2
DA:20,2
LF:12
LH:12
BRDA:22,0,0,2
BRDA:22,0,1,0
BRDA:23,1,0,1
BRDA:23,1,1,1
BRF:4
BRH:3
end_of_record
TN:
SF:packages\nbn-react-components\src\components\MapTitle\index.ts
FN:1,(anonymous_1)
FNF:1
FNH:0
FNDA:0,(anonymous_1)
DA:1,1
LF:1
LH:1
BRF:0
BRH:0
end_of_record
TN:
SF:packages\nbn-react-components\src\components\MapTitle\params.ts
FN:36,(anonymous_0)
FN:46,(anonymous_1)
FNF:2
FNH:2
FNDA:4,(anonymous_0)
FNDA:2,(anonymous_1)
DA:2,3
DA:22,3
DA:24,4
DA:26,4
DA:27,4
DA:28,4
DA:29,4
DA:37,4
DA:38,4
DA:39,4
DA:41,4
DA:42,4
DA:47,2
DA:48,2
DA:49,2
DA:50,2
DA:51,2
DA:52,2
DA:53,0
DA:55,0
DA:56,0
DA:59,0
DA:60,0
DA:63,0
DA:65,0
DA:68,0
DA:69,0
DA:72,0
DA:73,0
DA:74,0
DA:79,2
DA:80,2
DA:82,2
LF:33
LH:21
BRDA:53,0,0,0
BRDA:53,0,1,0
BRDA:53,0,2,0
BRDA:53,0,3,0
BRF:4
BRH:0
end_of_record
TN:
SF:packages\nbn-react-components\src\components\MapTitle\sanitise.ts
FN:10,sanitiseParam
FN:33,sanitiseParamList
FN:59,sanitiseUrl
FNF:3
FNH:2
FNDA:9,sanitiseParam
FNDA:4,sanitiseParamList
FNDA:0,sanitiseUrl
DA:10,3
DA:12,9
DA:13,9
DA:14,3
DA:15,3
DA:16,1
DA:20,9
DA:33,3
DA:35,4
DA:36,4
DA:37,1
DA:39,1
DA:40,3
DA:41,0
DA:42,0
DA:45,1
DA:46,1
DA:50,4
DA:59,3
DA:61,0
DA:62,0
DA:63,0
DA:64,0
DA:65,0
DA:68,0
DA:69,0
DA:72,0
LF:27
LH:17
BRDA:10,0,0,1
BRDA:13,1,0,3
BRDA:15,2,0,1
BRDA:20,3,0,7
BRDA:20,3,1,2
BRDA:33,4,0,0
BRDA:36,5,0,1
BRDA:40,6,0,0
BRDA:45,7,0,1
BRDA:50,8,0,4
BRDA:50,8,1,0
BRDA:62,9,0,0
BRF:12
BRH:8
end_of_record
TN:
SF:packages\nbn-react-components\src\components\SimpleMap\SimpleMap.tsx
FN:9,SimpleMap
FN:21,(anonymous_1)
FNF:2
FNH:2
FNDA:18,SimpleMap
FNDA:18,(anonymous_1)
DA:1,2
DA:3,2
DA:4,2
DA:9,2
DA:11,18
DA:13,18
DA:14,18
DA:15,18
DA:16,18
DA:20,18
DA:21,18
DA:22,18
DA:23,18
DA:28,18
LF:14
LH:14
BRDA:13,0,0,18
BRDA:13,0,1,1
BRDA:14,1,0,17
BRDA:14,1,1,1
BRDA:15,2,0,0
BRDA:15,2,1,18
BRDA:17,3,0,0
BRDA:17,3,1,18
BRDA:31,4,0,17
BRDA:31,4,1,1
BRF:10
BRH:8
end_of_record
TN:
SF:packages\nbn-react-components\src\components\SimpleMap\const.ts
FNF:0
FNH:0
DA:4,3
DA:14,3
DA:37,3
DA:39,3
DA:49,3
LF:5
LH:5
BRF:0
BRH:0
end_of_record
TN:
SF:packages\nbn-react-components\src\components\SimpleMap\index.ts
FN:1,(anonymous_1)
FNF:1
FNH:0
FNDA:0,(anonymous_1)
DA:1,1
LF:1
LH:1
BRF:0
BRH:0
end_of_record
TN:
SF:packages\nbn-react-components\src\components\SimpleMap\manager.ts
FN:25,(anonymous_6)
FN:56,(anonymous_7)
FN:64,(anonymous_8)
FN:77,(anonymous_9)
FN:82,(anonymous_10)
FN:130,(anonymous_11)
FN:150,(anonymous_12)
FN:150,(anonymous_13)
FN:154,(anonymous_14)
FN:154,(anonymous_15)
FN:158,(anonymous_16)
FN:158,(anonymous_17)
FN:162,(anonymous_18)
FN:162,(anonymous_19)
FN:165,(anonymous_20)
FN:173,(anonymous_21)
FN:179,(anonymous_22)
FN:208,(anonymous_23)
FN:216,(anonymous_24)
FNF:19
FNH:6
FNDA:18,(anonymous_6)
FNDA:0,(anonymous_7)
FNDA:20,(anonymous_8)
FNDA:0,(anonymous_9)
FNDA:18,(anonymous_10)
FNDA:0,(anonymous_11)
FNDA:0,(anonymous_12)
FNDA:0,(anonymous_13)
FNDA:0,(anonymous_14)
FNDA:0,(anonymous_15)
FNDA:0,(anonymous_16)
FNDA:0,(anonymous_17)
FNDA:0,(anonymous_18)
FNDA:0,(anonymous_19)
FNDA:0,(anonymous_20)
FNDA:0,(anonymous_21)
FNDA:18,(anonymous_22)
FNDA:18,(anonymous_23)
FNDA:18,(anonymous_24)
DA:3,2
DA:4,2
DA:6,2
DA:7,2
DA:8,2
DA:13,2
DA:15,18
DA:16,18
DA:17,18
DA:19,18
DA:20,18
DA:21,18
DA:26,18
DA:28,18
DA:29,18
DA:30,18
DA:32,18
DA:33,18
DA:34,18
DA:35,18
DA:50,18
DA:51,18
DA:57,0
DA:58,0
DA:59,0
DA:65,20
DA:67,12
DA:68,12
DA:71,8
DA:78,0
DA:83,18
DA:84,18
DA:86,18
DA:87,70
DA:89,17
DA:96,17
DA:98,18
DA:104,18
DA:106,18
DA:112,18
DA:114,17
DA:121,17
DA:123,0
DA:124,0
DA:131,0
DA:137,0
DA:149,0
DA:150,0
DA:151,0
DA:153,0
DA:154,0
DA:155,0
DA:157,0
DA:158,0
DA:159,0
DA:161,0
DA:162,0
DA:163,0
DA:165,0
DA:166,0
DA:167,0
DA:168,0
DA:169,0
DA:171,0
DA:174,0
DA:181,18
DA:182,18
DA:184,18
DA:186,18
DA:188,18
DA:190,18
DA:191,0
DA:193,18
DA:194,10
DA:199,10
DA:209,18
DA:210,18
DA:211,20
DA:217,18
DA:218,18
DA:219,18
DA:221,0
DA:223,18
DA:224,16
LF:84
LH:55
BRDA:58,0,0,0
BRDA:64,1,0,0
BRDA:65,2,0,12
BRDA:65,2,1,8
BRDA:87,3,0,17
BRDA:87,3,1,18
BRDA:87,3,2,18
BRDA:87,3,3,17
BRDA:87,3,4,0
BRDA:182,4,0,18
BRDA:190,5,0,0
BRDA:193,6,0,10
BRDA:219,7,0,0
BRDA:223,8,0,16
BRF:14
BRH:9
end_of_record
TN:
SF:packages\nbn-react-components\src\components\SimpleMap\params.ts
FN:153,(anonymous_7)
FN:289,(anonymous_8)
FN:316,(anonymous_9)
FN:339,(anonymous_10)
FN:360,(anonymous_11)
FN:370,(anonymous_12)
FN:389,(anonymous_13)
FN:411,(anonymous_14)
FN:432,(anonymous_15)
FN:448,(anonymous_16)
FN:485,(anonymous_17)
FN:499,(anonymous_18)
FN:520,(anonymous_19)
FN:540,(anonymous_20)
FN:548,(anonymous_21)
FN:556,(anonymous_22)
FN:565,(anonymous_23)
FNF:17
FNH:17
FNDA:19,(anonymous_7)
FNDA:11,(anonymous_8)
FNDA:97,(anonymous_9)
FNDA:57,(anonymous_10)
FNDA:3,(anonymous_11)
FNDA:8,(anonymous_12)
FNDA:8,(anonymous_13)
FNDA:19,(anonymous_14)
FNDA:1,(anonymous_15)
FNDA:18,(anonymous_16)
FNDA:19,(anonymous_17)
FNDA:57,(anonymous_18)
FNDA:6,(anonymous_19)
FNDA:56,(anonymous_20)
FNDA:18,(anonymous_21)
FNDA:18,(anonymous_22)
FNDA:114,(anonymous_23)
DA:3,3
DA:4,3
DA:5,3
DA:7,3
DA:8,3
DA:10,3
DA:106,3
DA:109,19
DA:110,19
DA:113,19
DA:115,19
DA:116,19
DA:117,19
DA:118,19
DA:119,19
DA:120,19
DA:121,19
DA:122,19
DA:123,19
DA:124,19
DA:125,19
DA:126,19
DA:127,19
DA:128,19
DA:129,19
DA:130,19
DA:131,19
DA:132,19
DA:133,19
DA:134,19
DA:135,19
DA:136,19
DA:137,19
DA:138,19
DA:140,19
DA:141,19
DA:142,19
DA:143,19
DA:144,19
DA:145,19
DA:146,19
DA:154,19
DA:155,19
DA:157,19
DA:159,19
DA:160,4
DA:161,4
DA:162,4
DA:163,4
DA:164,4
DA:165,3
DA:168,15
DA:169,15
DA:172,19
DA:173,4
DA:174,4
DA:175,4
DA:176,4
DA:177,4
DA:178,3
DA:181,15
DA:182,15
DA:186,19
DA:187,19
DA:188,19
DA:189,19
DA:190,19
DA:192,19
DA:193,19
DA:194,19
DA:195,19
DA:196,19
DA:198,19
DA:199,19
DA:200,19
DA:201,19
DA:202,19
DA:204,19
DA:206,19
DA:207,19
DA:208,0
DA:212,19
DA:215,19
DA:216,19
DA:218,19
DA:221,19
DA:223,19
DA:224,0
DA:226,19
DA:229,19
DA:230,19
DA:231,0
DA:234,19
DA:236,19
DA:237,0
DA:240,19
DA:241,19
DA:242,19
DA:243,19
DA:244,1
DA:245,3
DA:246,3
DA:247,2
DA:251,19
DA:253,18
DA:256,19
DA:259,19
DA:261,19
DA:262,19
DA:263,19
DA:264,19
DA:265,19
DA:266,19
DA:268,19
DA:272,19
DA:274,11
DA:276,8
DA:278,0
DA:290,11
DA:291,11
DA:293,11
DA:294,11
DA:295,11
DA:296,11
DA:297,11
DA:298,11
DA:299,11
DA:302,11
DA:303,0
DA:319,97
DA:320,2
DA:323,97
DA:324,97
DA:342,57
DA:344,57
DA:345,3
DA:346,3
DA:347,3
DA:348,3
DA:351,57
DA:361,3
DA:362,3
DA:372,8
DA:374,8
DA:375,8
DA:376,6
DA:379,2
DA:381,8
DA:391,8
DA:393,8
DA:394,8
DA:395,8
DA:397,8
DA:400,2
DA:402,8
DA:414,19
DA:416,19
DA:417,19
DA:418,19
DA:425,19
DA:433,1
DA:434,1
DA:441,1
DA:450,18
DA:452,18
DA:456,18
DA:457,1
DA:458,17
DA:460,1
DA:461,1
DA:464,1
DA:465,1
DA:468,1
DA:469,1
DA:474,16
DA:476,18
DA:487,19
DA:489,19
DA:500,57
DA:501,57
DA:502,57
DA:503,57
DA:504,0
DA:508,0
DA:509,0
DA:511,57
DA:522,6
DA:523,6
DA:524,6
DA:525,6
DA:526,0
DA:530,0
DA:531,0
DA:533,6
DA:541,56
DA:549,18
DA:557,18
DA:566,114
DA:567,4
LF:199
LH:187
BRDA:159,0,0,4
BRDA:159,0,1,15
BRDA:164,1,0,3
BRDA:164,2,0,4
BRDA:164,2,1,3
BRDA:172,3,0,4
BRDA:172,3,1,15
BRDA:177,4,0,3
BRDA:177,5,0,4
BRDA:177,5,1,3
BRDA:207,6,0,0
BRDA:207,6,1,19
BRDA:223,7,0,0
BRDA:223,7,1,19
BRDA:230,8,0,0
BRDA:236,9,0,0
BRDA:243,10,0,1
BRDA:246,11,0,2
BRDA:251,12,0,18
BRDA:268,13,0,4
BRDA:268,13,1,15
BRDA:269,14,0,4
BRDA:269,14,1,15
BRDA:270,15,0,0
BRDA:270,15,1,19
BRDA:271,16,0,0
BRDA:271,16,1,19
BRDA:272,17,0,11
BRDA:272,17,1,8
BRDA:276,18,0,0
BRDA:294,19,0,11
BRDA:302,20,0,0
BRDA:319,21,0,2
BRDA:323,22,0,97
BRDA:323,22,1,14
BRDA:344,23,0,3
BRDA:347,24,0,3
BRDA:347,25,0,3
BRDA:347,25,1,3
BRDA:411,26,0,0
BRDA:411,27,0,0
BRDA:452,28,0,18
BRDA:452,28,1,17
BRDA:452,28,2,17
BRDA:456,29,0,1
BRDA:456,29,1,17
BRDA:458,30,0,1
BRDA:458,30,1,16
BRDA:460,31,0,1
BRDA:464,32,0,1
BRDA:468,33,0,1
BRDA:485,34,0,0
BRDA:500,35,0,57
BRDA:500,35,1,57
BRDA:503,36,0,0
BRDA:522,37,0,6
BRDA:522,37,1,0
BRDA:525,38,0,0
BRDA:525,39,0,6
BRDA:525,39,1,6
BRDA:566,40,0,4
BRF:61
BRH:47
end_of_record
TN:
SF:packages\nbn-react-components\src\components\SimpleMap\sanitise.ts
FN:10,sanitiseParam
FN:32,sanitiseParamList
FN:58,sanitiseUrl
FNF:3
FNH:3
FNDA:134,sanitiseParam
FNDA:79,sanitiseParamList
FNDA:19,sanitiseUrl
DA:10,3
DA:12,134
DA:13,134
DA:14,31
DA:15,31
DA:16,4
DA:20,134
DA:32,3
DA:34,79
DA:35,79
DA:36,4
DA:38,4
DA:39,12
DA:40,3
DA:41,3
DA:44,4
DA:45,1
DA:49,79
DA:58,3
DA:60,19
DA:61,19
DA:62,1
DA:63,1
DA:64,1
DA:67,0
DA:68,0
DA:71,19
LF:27
LH:25
BRDA:10,0,0,134
BRDA:13,1,0,31
BRDA:15,2,0,4
BRDA:20,3,0,103
BRDA:20,3,1,31
BRDA:32,4,0,60
BRDA:35,5,0,4
BRDA:39,6,0,3
BRDA:44,7,0,1
BRDA:49,8,0,76
BRDA:49,8,1,3
BRDA:61,9,0,1
BRF:12
BRH:12
end_of_record
TN:
SF:packages\nbn-react-components\src\components\SimpleMap\utils.ts
FN:8,exchangeArrayValues
FN:21,selectBaseLayer
FN:28,(anonymous_2)
FN:41,selectOverlayLayer
FN:48,(anonymous_4)
FN:59,setAttributions
FNF:6
FNH:3
FNDA:0,exchangeArrayValues
FNDA:0,selectBaseLayer
FNDA:0,(anonymous_2)
FNDA:12,selectOverlayLayer
FNDA:15,(anonymous_4)
FNDA:18,setAttributions
DA:3,2
DA:8,2
DA:9,0
DA:10,0
DA:11,0
DA:12,0
DA:13,0
DA:15,0
DA:21,2
DA:23,0
DA:25,0
DA:28,0
DA:29,0
DA:30,0
DA:32,0
DA:34,0
DA:41,2
DA:43,12
DA:45,12
DA:48,12
DA:49,15
DA:50,12
DA:52,12
DA:59,2
DA:60,18
DA:61,18
DA:62,18
DA:63,18
DA:64,18
DA:67,18
DA:69,17
DA:70,17
DA:71,17
DA:72,17
DA:73,17
DA:74,17
DA:75,17
DA:77,17
DA:79,16
DA:80,16
DA:81,16
DA:82,16
DA:83,16
DA:84,16
DA:86,1
DA:87,1
DA:88,1
DA:90,0
DA:91,0
DA:92,0
DA:94,0
DA:95,0
DA:96,0
DA:98,0
DA:99,0
LF:55
LH:34
BRDA:29,0,0,0
BRDA:29,0,1,0
BRDA:49,1,0,12
BRDA:67,2,0,17
BRDA:67,3,0,18
BRDA:67,3,1,17
BRDA:67,3,2,17
BRDA:67,3,3,17
BRDA:67,3,4,17
BRDA:77,4,0,16
BRDA:77,4,1,1
BRDA:77,4,2,0
BRDA:77,4,3,0
BRDA:77,4,4,0
BRF:14
BRH:9
end_of_record
TN:
SF:packages\nbn-react-components\src\components\SpeciesAutoComplete\SpeciesAutoComplete.tsx
FN:22,(anonymous_1)
FN:43,SpeciesAutoComplete
FN:46,(anonymous_3)
FN:49,(anonymous_4)
FN:64,(anonymous_5)
FN:65,(anonymous_6)
FN:78,(anonymous_7)
FNF:7
FNH:4
FNDA:0,(anonymous_1)
FNDA:6,SpeciesAutoComplete
FNDA:0,(anonymous_3)
FNDA:0,(anonymous_4)
FNDA:6,(anonymous_5)
FNDA:12,(anonymous_6)
FNDA:3,(anonymous_7)
DA:1,2
DA:2,2
DA:3,2
DA:4,2
DA:5,2
DA:9,2
DA:11,2
DA:18,2
DA:22,2
DA:43,2
DA:45,6
DA:46,6
DA:47,0
DA:49,6
DA:50,0
DA:51,0
DA:57,0
DA:60,6
DA:64,6
DA:65,12
DA:68,6
DA:69,6
DA:79,3
LF:23
LH:19
BRDA:45,0,0,6
BRDA:45,0,1,5
BRDA:50,1,0,0
BRDA:53,2,0,0
BRDA:53,2,1,0
BRDA:54,3,0,0
BRDA:54,3,1,0
BRDA:55,4,0,0
BRDA:55,4,1,0
BRDA:78,5,0,1
BRDA:78,5,1,5
BRDA:95,6,0,6
BRDA:95,6,1,2
BRDA:96,7,0,6
BRDA:96,7,1,2
BRF:15
BRH:8
end_of_record
TN:
SF:packages\nbn-react-components\src\components\SpeciesAutoComplete\SpeciesMap.tsx
FN:18,SpeciesMap
FNF:1
FNH:0
FNDA:0,SpeciesMap
DA:2,1
DA:4,1
DA:5,1
DA:7,1
DA:11,1
DA:18,1
DA:20,0
DA:22,0
DA:24,0
LF:9
LH:6
BRF:0
BRH:0
end_of_record
TN:
SF:packages\nbn-react-components\src\components\SpeciesAutoComplete\index.ts
FN:1,(anonymous_1)
FN:3,(anonymous_2)
FNF:2
FNH:1
FNDA:3,(anonymous_1)
FNDA:0,(anonymous_2)
DA:1,4
DA:3,1
LF:2
LH:2
BRF:0
BRH:0
end_of_record
TN:
SF:packages\nbn-react-components\src\components\SpeciesListBuilder\SpeciesListBuilder.tsx
FN:23,SpeciesListBuilder
FN:33,(anonymous_1)
FN:40,(anonymous_2)
FN:43,(anonymous_3)
FN:51,(anonymous_4)
FN:53,(anonymous_5)
FN:57,(anonymous_6)
FN:59,(anonymous_7)
FN:74,(anonymous_8)
FNF:9
FNH:1
FNDA:3,SpeciesListBuilder
FNDA:0,(anonymous_1)
FNDA:0,(anonymous_2)
FNDA:0,(anonymous_3)
FNDA:0,(anonymous_4)
FNDA:0,(anonymous_5)
FNDA:0,(anonymous_6)
FNDA:0,(anonymous_7)
FNDA:0,(anonymous_8)
DA:1,1
DA:2,1
DA:16,1
DA:23,1
DA:25,3
DA:26,3
DA:29,3
DA:30,3
DA:33,3
DA:34,0
DA:35,0
DA:40,3
DA:41,0
DA:42,0
DA:43,0
DA:44,0
DA:45,0
DA:46,0
DA:51,3
DA:52,0
DA:53,0
DA:54,0
DA:55,0
DA:56,0
DA:57,0
DA:59,0
DA:63,3
DA:75,0
LF:28
LH:12
BRDA:29,0,0,3
BRDA:29,0,1,3
BRDA:30,1,0,3
BRDA:30,1,1,3
BRDA:34,2,0,0
BRDA:44,3,0,0
BRDA:54,4,0,0
BRDA:56,5,0,0
BRDA:57,6,0,0
BRDA:57,6,1,0
BRDA:71,7,0,1
BRDA:71,7,1,2
BRDA:82,8,0,0
BRDA:82,8,1,0
BRF:14
BRH:6
end_of_record
TN:
SF:packages\nbn-react-components\src\components\TemplateDataFetchingComponent\TemplateDataFetchingComponent.tsx
FN:34,(anonymous_1)
FN:42,(anonymous_2)
FN:60,(anonymous_3)
FNF:3
FNH:2
FNDA:0,(anonymous_1)
FNDA:3,(anonymous_2)
FNDA:1,(anonymous_3)
DA:1,1
DA:2,1
DA:3,1
DA:4,1
DA:19,1
DA:27,1
DA:34,1
DA:42,1
DA:48,3
DA:51,3
DA:54,2
DA:58,1
DA:61,1
DA:70,1
LF:14
LH:14
BRDA:51,0,0,1
BRDA:54,1,0,1
BRF:2
BRH:2
end_of_record
TN:
SF:packages\nbn-react-components\src\lib\apiUrl.ts
FN:1,validateOccurrenceSearchApiUrl
FN:7,(anonymous_1)
FNF:2
FNH:2
FNDA:3,validateOccurrenceSearchApiUrl
FNDA:3,(anonymous_1)
DA:1,1
DA:2,3
DA:3,3
DA:6,3
DA:7,3
DA:8,3
DA:9,0
DA:13,3
DA:15,3
LF:9
LH:8
BRDA:8,0,0,0
BRF:1
BRH:0
end_of_record
TN:
SF:packages\nbn-react-components\src\lib\fetcher.ts
FN:6,fetcher
FNF:1
FNH:0
FNDA:0,fetcher
DA:6,5
DA:8,0
DA:10,0
DA:11,0
DA:14,0
DA:16,0
DA:18,0
DA:19,0
DA:22,0
DA:23,0
LF:10
LH:1
BRDA:10,0,0,0
BRDA:18,1,0,0
BRF:2
BRH:0
end_of_record
TN:
SF:packages\nbn-react-components\src\lib\advanced\facet-fetcher.ts
FN:24,fetchFacetResults
FNF:1
FNH:0
FNDA:0,fetchFacetResults
DA:1,2
DA:3,2
DA:5,2
DA:12,2
DA:17,2
DA:24,2
DA:25,0
DA:26,0
LF:8
LH:6
BRF:0
BRH:0
end_of_record
TN:
SF:packages\nbn-react-components\src\lib\advanced\hooks\useDataResource.ts
FN:18,(anonymous_1)
FN:31,(anonymous_2)
FNF:2
FNH:0
FNDA:0,(anonymous_1)
FNDA:0,(anonymous_2)
DA:1,2
DA:2,2
DA:3,2
DA:6,2
DA:18,2
DA:20,0
DA:21,0
DA:22,0
DA:24,0
DA:25,0
DA:28,0
DA:31,0
DA:32,0
DA:33,0
DA:42,0
LF:15
LH:5
BRF:0
BRH:0
end_of_record
